[debug] [2023-08-24T06:04:47.292Z] ----------------------------------------------------------------------
[debug] [2023-08-24T06:04:47.308Z] Command:       /home/maria/.nvm/versions/node/v16.13.0/bin/node /usr/local/bin/firebase init hosting
[debug] [2023-08-24T06:04:47.309Z] CLI Version:   12.4.8
[debug] [2023-08-24T06:04:47.309Z] Platform:      linux
[debug] [2023-08-24T06:04:47.309Z] Node Version:  v16.13.0
[debug] [2023-08-24T06:04:47.419Z] Time:          Thu Aug 24 2023 09:04:47 GMT+0300 (East Africa Time)
[debug] [2023-08-24T06:04:47.419Z] ----------------------------------------------------------------------
[debug] 
[debug] [2023-08-24T06:04:47.459Z] >>> [apiv2][query] GET https://firebase-public.firebaseio.com/cli.json [none]
[debug] [2023-08-24T06:04:47.648Z] > command requires scopes: ["email","openid","https://www.googleapis.com/auth/cloudplatformprojects.readonly","https://www.googleapis.com/auth/firebase","https://www.googleapis.com/auth/cloud-platform"]
[debug] [2023-08-24T06:04:47.649Z] > authorizing via signed-in user (luzindamaria2@gmail.com)
[info] 
     ######## #### ########  ######## ########     ###     ######  ########
     ##        ##  ##     ## ##       ##     ##  ##   ##  ##       ##
     ######    ##  ########  ######   ########  #########  ######  ######
     ##        ##  ##    ##  ##       ##     ## ##     ##       ## ##
     ##       #### ##     ## ######## ########  ##     ##  ######  ########

You're about to initialize a Firebase project in this directory:

  /home/maria/My Folders/MyProjects/My-Portfolio

Before we get started, keep in mind:

  * You are initializing within an existing Firebase project directory

[info] 
=== Project Setup
[info] 
[info] First, let's associate this project directory with a Firebase project.
[info] You can create multiple project aliases by running firebase use --add, 
[info] but for now we'll just set up a default project.
[info] 
[debug] [2023-08-24T06:04:47.654Z] Using project from CLI flag: my-portfolio-34217
[debug] [2023-08-24T06:04:47.655Z] > refreshing access token with scopes: []
[debug] [2023-08-24T06:04:47.657Z] >>> [apiv2][query] POST https://www.googleapis.com/oauth2/v3/token [none]
[debug] [2023-08-24T06:04:47.657Z] >>> [apiv2][body] POST https://www.googleapis.com/oauth2/v3/token [omitted]
[debug] [2023-08-24T06:04:48.645Z] <<< [apiv2][status] GET https://firebase-public.firebaseio.com/cli.json 200
[debug] [2023-08-24T06:04:48.646Z] <<< [apiv2][body] GET https://firebase-public.firebaseio.com/cli.json {"cloudBuildErrorAfter":1594252800000,"cloudBuildWarnAfter":1590019200000,"defaultNode10After":1594252800000,"minVersion":"3.0.5","node8DeploysDisabledAfter":1613390400000,"node8RuntimeDisabledAfter":1615809600000,"node8WarnAfter":1600128000000}
[debug] [2023-08-24T06:04:48.877Z] <<< [apiv2][status] POST https://www.googleapis.com/oauth2/v3/token 200
[debug] [2023-08-24T06:04:48.878Z] <<< [apiv2][body] POST https://www.googleapis.com/oauth2/v3/token [omitted]
[debug] [2023-08-24T06:04:48.951Z] >>> [apiv2][query] GET https://firebase.googleapis.com/v1beta1/projects/my-portfolio-34217 [none]
[debug] [2023-08-24T06:04:49.661Z] <<< [apiv2][status] GET https://firebase.googleapis.com/v1beta1/projects/my-portfolio-34217 200
[debug] [2023-08-24T06:04:49.661Z] <<< [apiv2][body] GET https://firebase.googleapis.com/v1beta1/projects/my-portfolio-34217 {"projectId":"my-portfolio-34217","projectNumber":"1080495387849","displayName":"my-portfolio","name":"projects/my-portfolio-34217","resources":{"hostingSite":"my-portfolio-34217"},"state":"ACTIVE","etag":"1_6575bf83-8149-4152-afdd-0ffc89cb0996"}
[info] i  Using project my-portfolio-34217 (my-portfolio) 
[info] 
=== Hosting Setup
[info] 
[info] Your public directory is the folder (relative to your project directory) that
[info] will contain Hosting assets to be uploaded with firebase deploy. If you
[info] have a build process for your assets, use your build's output directory.
[info] 
